<?xml version="1.0" encoding="UTF-8"?>
<!-- Generated by org.testng.reporters.JUnitReportReporter -->
<testsuite hostname="Jyoti" failures="0" tests="1" name="org.HMS.Doctor_test.DoctorToAdminManagePatTest" time="3.111" errors="0" timestamp="2022-09-16T18:01:41 IST" skipped="0">
  <testcase classname="org.HMS.Doctor_test.DoctorToAdminManagePatTest" name="patientSrchTest" time="3.111"/>
  <system-out/>
</testsuite> <!-- org.HMS.Doctor_test.DoctorToAdminManagePatTest -->
