<?xml version="1.0" encoding="UTF-8"?>
<!-- Generated by org.testng.reporters.JUnitReportReporter -->
<testsuite hostname="Jyoti" failures="0" tests="1" name="org.HRM.Doctor_test.DocTOAdminPatSearchTest" time="3.080" errors="0" timestamp="2022-09-14T17:34:07 IST" skipped="0">
  <testcase classname="org.HRM.Doctor_test.DocTOAdminPatSearchTest" name="DocPatSrch" time="3.080"/>
  <system-out/>
</testsuite> <!-- org.HRM.Doctor_test.DocTOAdminPatSearchTest -->
