<?xml version="1.0" encoding="UTF-8"?>
<!-- Generated by org.testng.reporters.JUnitReportReporter -->
<testsuite hostname="Jyoti" failures="0" tests="3" name="org.sdet401.admin.CreateOrgTest" time="0.006" errors="0" timestamp="2022-09-09T07:52:21 IST" skipped="0">
  <testcase classname="org.sdet401.admin.CreateOrgTest" name="createOrgWithIndustriesTest" time="0.001"/>
  <system-out/>
  <testcase classname="org.sdet401.admin.CreateOrgTest" name="createOrgTest" time="0.004"/>
  <system-out/>
  <testcase classname="org.sdet401.admin.CreateOrgTest" name="createOrgWithRatingTest" time="0.001"/>
  <system-out/>
</testsuite> <!-- org.sdet401.admin.CreateOrgTest -->
