<?xml version="1.0" encoding="UTF-8"?>
<!-- Generated by org.testng.reporters.JUnitReportReporter -->
<testsuite hostname="Jyoti" failures="0" tests="1" name="org.HMS.Doctor_test.DoctorToAddPatientAndSearchPatientTest" time="2.358" errors="0" timestamp="2022-09-20T13:35:16 IST" skipped="0">
  <testcase classname="org.HMS.Doctor_test.DoctorToAddPatientAndSearchPatientTest" name="doctorToAddPatientAndSearchPatientTest" time="2.358"/>
  <system-out/>
</testsuite> <!-- org.HMS.Doctor_test.DoctorToAddPatientAndSearchPatientTest -->
