<?xml version="1.0" encoding="UTF-8"?>
<!-- Generated by org.testng.reporters.JUnitReportReporter -->
<testsuite hostname="Jyoti" failures="0" tests="4" name="org.sdet401.admin.BankSendAmountTest" time="0.010" errors="0" timestamp="2022-09-09T07:15:38 IST" skipped="0">
  <testcase classname="org.sdet401.admin.BankSendAmountTest" name="sendAmount" time="0.000"/>
  <system-out/>
  <testcase classname="org.sdet401.admin.BankSendAmountTest" name="sendAmount" time="0.008"/>
  <system-out/>
  <testcase classname="org.sdet401.admin.BankSendAmountTest" name="sendAmount" time="0.001"/>
  <system-out/>
  <testcase classname="org.sdet401.admin.BankSendAmountTest" name="sendAmount" time="0.001"/>
  <system-out/>
</testsuite> <!-- org.sdet401.admin.BankSendAmountTest -->
