<?xml version="1.0" encoding="UTF-8"?>
<!-- Generated by org.testng.reporters.JUnitReportReporter -->
<testsuite hostname="Jyoti" failures="0" tests="1" name="org.sdet40.genericUtility.DoctorToAddPatientAndSearchPatientTest" time="2.924" errors="0" timestamp="2022-09-13T18:17:09 IST" skipped="0">
  <testcase classname="org.sdet40.genericUtility.DoctorToAddPatientAndSearchPatientTest" name="doctorToAddPatientAndSearchPatientTest" time="2.924"/>
  <system-out/>
</testsuite> <!-- org.sdet40.genericUtility.DoctorToAddPatientAndSearchPatientTest -->
